--- number of nodes: 1618
--- number of cells: 1549
--- number of faces: 3166
--- number of materials: 3
--- max timestep size: 1.000000e+05
--- vel tolerance:     1.157400e-03
--- multipliers:  [ 0.8500, 1.1500]

--- Streamline geometrical setups
Elapsed time is 10.903675 seconds.
--- Done.
- Step 0 ------------------------------------
velocity variation: 0.20755
   0.850000000000000

IMPES timestep: 307.717
p  :		[0.064952, 0.001296]
sat:		[0.124837, 0.000000]
-- PVI:		0.003957;
-- simtime:		307.717;	-- dtime:	307.717
** creating PressOut00000.vtk file
** creating C:\DFiles\MATLAB\MPFA\2phase_fracture_simulator\results\cross\sls\PressOut0001.vtp file
-- runtime: 3.80829
----------------------------------------------
- Step 1 ------------------------------------
velocity variation: 7.683e-05
   1.150000000000000

p  :		[0.065169, 0.001296]
sat:		[0.262986, 0.000000]
-- PVI:		0.008508;
-- simtime:		661.592;	-- dtime:	353.875
-- runtime: 4.69927
----------------------------------------------
- Step 2 ------------------------------------
velocity variation: 7.7653e-05
   1.150000000000000

p  :		[0.065449, 0.001296]
sat:		[0.411625, 0.000000]
-- PVI:		0.013741;
-- simtime:		1068.55;	-- dtime:	406.956
-- runtime: 5.79161
----------------------------------------------
- Step 3 ------------------------------------
velocity variation: 8.6094e-05
   1.150000000000000

p  :		[0.065807, 0.001296]
sat:		[0.552212, 0.000000]
-- PVI:		0.019760;
-- simtime:		1536.55;	-- dtime:	467.999
-- runtime: 7.08123
----------------------------------------------
- Step 4 ------------------------------------
velocity variation: 9.0143e-05
   1.150000000000000

p  :		[0.066272, 0.001296]
sat:		[0.658078, 0.000000]
-- PVI:		0.026681;
-- simtime:		2074.75;	-- dtime:	538.199
** creating PressOut00001.vtk file
** creating C:\DFiles\MATLAB\MPFA\2phase_fracture_simulator\results\cross\sls\PressOut0005.vtp file
-- runtime: 11.3921
----------------------------------------------
- Step 5 ------------------------------------
velocity variation: 0.00010268
   1.150000000000000

p  :		[0.066910, 0.001296]
sat:		[0.728598, 0.000000]
-- PVI:		0.034640;
-- simtime:		2693.67;	-- dtime:	618.929
-- runtime: 12.8743
----------------------------------------------
- Step 6 ------------------------------------
velocity variation: 0.00012164
   1.150000000000000

p  :		[0.067823, 0.001296]
sat:		[0.777084, 0.000000]
-- PVI:		0.043794;
-- simtime:		3405.44;	-- dtime:	711.768
-- runtime: 14.4145
----------------------------------------------
- Step 7 ------------------------------------
velocity variation: 0.00014404
   1.150000000000000

p  :		[0.068989, 0.001296]
sat:		[0.812761, 0.000000]
-- PVI:		0.054320;
-- simtime:		4223.98;	-- dtime:	818.533
** creating PressOut00002.vtk file
** creating C:\DFiles\MATLAB\MPFA\2phase_fracture_simulator\results\cross\sls\PressOut0008.vtp file
-- runtime: 19.0473
----------------------------------------------
- Step 8 ------------------------------------
velocity variation: 0.00021955
   1.150000000000000

p  :		[0.070315, 0.001296]
sat:		[0.840252, 0.000000]
-- PVI:		0.066425;
-- simtime:		5165.29;	-- dtime:	941.313
-- runtime: 20.8686
----------------------------------------------
- Step 9 ------------------------------------
velocity variation: 0.00024559
   1.150000000000000

p  :		[0.071750, 0.001296]
sat:		[0.862232, 0.000000]
-- PVI:		0.080346;
-- simtime:		6247.8;	-- dtime:	1082.51
** creating PressOut00003.vtk file
** creating C:\DFiles\MATLAB\MPFA\2phase_fracture_simulator\results\cross\sls\PressOut0010.vtp file
-- runtime: 25.7105
----------------------------------------------
- Step 10 ------------------------------------
velocity variation: 0.00027687
   1.150000000000000

p  :		[0.073271, 0.001296]
sat:		[0.880315, 0.000000]
-- PVI:		0.096355;
-- simtime:		7492.69;	-- dtime:	1244.89
-- runtime: 27.9166
----------------------------------------------
- Step 11 ------------------------------------
velocity variation: 0.00039829
   1.150000000000000

p  :		[0.074847, 0.001296]
sat:		[0.895496, 0.000000]
-- PVI:		0.114766;
-- simtime:		8924.31;	-- dtime:	1431.62
** creating PressOut00004.vtk file
** creating C:\DFiles\MATLAB\MPFA\2phase_fracture_simulator\results\cross\sls\PressOut0012.vtp file
-- runtime: 33.2447
----------------------------------------------
- Step 12 ------------------------------------
velocity variation: 0.00078822
   1.150000000000000

p  :		[0.076571, 0.001296]
sat:		[0.908443, 0.000000]
-- PVI:		0.135938;
-- simtime:		10570.7;	-- dtime:	1646.36
** creating PressOut00005.vtk file
** creating C:\DFiles\MATLAB\MPFA\2phase_fracture_simulator\results\cross\sls\PressOut0013.vtp file
-- runtime: 38.6559
----------------------------------------------
- Step 13 ------------------------------------
velocity variation: 0.001765
   0.850000000000000

p  :		[0.078599, 0.001297]
sat:		[0.916557, 0.000000]
-- PVI:		0.153934;
-- simtime:		11970.1;	-- dtime:	1399.41
** creating PressOut00006.vtk file
** creating C:\DFiles\MATLAB\MPFA\2phase_fracture_simulator\results\cross\sls\PressOut0014.vtp file
-- runtime: 43.8364
----------------------------------------------
- Step 14 ------------------------------------
velocity variation: 0.0031582
   0.850000000000000

p  :		[0.080328, 0.001298]
sat:		[0.922041, 0.000000]
-- PVI:		0.169231;
-- simtime:		13159.6;	-- dtime:	1189.5
-- runtime: 45.8367
----------------------------------------------
- Step 15 ------------------------------------
velocity variation: 0.016724
   0.850000000000000

p  :		[0.082465, 0.001310]
sat:		[0.925960, 0.000000]
-- PVI:		0.182233;
-- simtime:		14170.6;	-- dtime:	1011.07
** creating PressOut00007.vtk file
** creating C:\DFiles\MATLAB\MPFA\2phase_fracture_simulator\results\cross\sls\PressOut0016.vtp file
-- runtime: 50.7095
----------------------------------------------
- Step 16 ------------------------------------
velocity variation: 0.020031
   0.850000000000000

p  :		[0.084721, 0.001324]
sat:		[0.928810, 0.000000]
-- PVI:		0.193285;
-- simtime:		15030.1;	-- dtime:	859.412
-- runtime: 52.4654
----------------------------------------------
- Step 17 ------------------------------------
velocity variation: 0.009147
   0.850000000000000

p  :		[0.086244, 0.001310]
sat:		[0.930865, 0.000000]
-- PVI:		0.202680;
-- simtime:		15760.6;	-- dtime:	730.5
** creating PressOut00008.vtk file
** creating C:\DFiles\MATLAB\MPFA\2phase_fracture_simulator\results\cross\sls\PressOut0018.vtp file
-- runtime: 57.0874
----------------------------------------------
- Step 18 ------------------------------------
velocity variation: 0.0084304
   0.850000000000000

p  :		[0.087508, 0.001298]
sat:		[0.932362, 0.000000]
-- PVI:		0.210665;
-- simtime:		16381.5;	-- dtime:	620.925
-- runtime: 58.5643
----------------------------------------------
- Step 19 ------------------------------------
velocity variation: 0.0068419
   0.850000000000000

p  :		[0.088559, 0.001287]
sat:		[0.933508, 0.000000]
-- PVI:		0.217452;
-- simtime:		16909.3;	-- dtime:	527.786
-- runtime: 60.0044
----------------------------------------------
- Step 20 ------------------------------------
velocity variation: 0.0063896
   0.850000000000000

p  :		[0.089483, 0.001275]
sat:		[0.934302, 0.000000]
-- PVI:		0.223221;
-- simtime:		17357.9;	-- dtime:	448.618
-- runtime: 61.3069
----------------------------------------------
- Step 21 ------------------------------------
velocity variation: 0.0043581
   0.850000000000000

p  :		[0.090205, 0.001265]
sat:		[0.934824, 0.000000]
-- PVI:		0.228125;
-- simtime:		17739.2;	-- dtime:	381.326
** creating PressOut00009.vtk file
** creating C:\DFiles\MATLAB\MPFA\2phase_fracture_simulator\results\cross\sls\PressOut0022.vtp file
-- runtime: 65.5128
----------------------------------------------
- Step 22 ------------------------------------
velocity variation: 0.0030141
   0.850000000000000

p  :		[0.090789, 0.001257]
sat:		[0.935120, 0.000000]
-- PVI:		0.232293;
-- simtime:		18063.3;	-- dtime:	324.127
-- runtime: 66.7191
----------------------------------------------
- Step 23 ------------------------------------
velocity variation: 0.0021853
   0.850000000000000

p  :		[0.091264, 0.001251]
sat:		[0.935265, 0.000000]
-- PVI:		0.235836;
-- simtime:		18338.8;	-- dtime:	275.508
-- runtime: 67.9889
----------------------------------------------
- Step 24 ------------------------------------
velocity variation: 0.0013439
   0.861239908772678

p  :		[0.091633, 0.001246]
sat:		[0.935288, 0.000000]
-- PVI:		0.238887;
-- simtime:		18576.1;	-- dtime:	237.278
-- runtime: 69.2009
----------------------------------------------
- Step 25 ------------------------------------
velocity variation: 0.0018289
   0.850000000000000

p  :		[0.092001, 0.001241]
sat:		[0.935176, 0.000000]
-- PVI:		0.241481;
-- simtime:		18777.8;	-- dtime:	201.687
-- runtime: 70.3084
----------------------------------------------
- Step 26 ------------------------------------
velocity variation: 0.0011678
   0.991070505960121

p  :		[0.092291, 0.001237]
sat:		[0.935084, 0.000000]
-- PVI:		0.244052;
-- simtime:		18977.7;	-- dtime:	199.886
-- runtime: 71.3797
----------------------------------------------
- Step 27 ------------------------------------
velocity variation: 0.0011332
   1.021397339188158

p  :		[0.092587, 0.001233]
sat:		[0.935002, 0.000000]
-- PVI:		0.246677;
-- simtime:		19181.9;	-- dtime:	204.163
-- runtime: 72.4764
----------------------------------------------
- Step 28 ------------------------------------
velocity variation: 0.0010727
   1.078990928397195

p  :		[0.092892, 0.001229]
sat:		[0.935035, 0.000000]
-- PVI:		0.249510;
-- simtime:		19402.2;	-- dtime:	220.29
-- runtime: 73.5887
----------------------------------------------
- Step 29 ------------------------------------
velocity variation: 0.0012743
   0.908284043801836

p  :		[0.093197, 0.001225]
sat:		[0.934987, 0.000000]
-- PVI:		0.252083;
-- simtime:		19602.2;	-- dtime:	200.085
** creating PressOut00010.vtk file
** creating C:\DFiles\MATLAB\MPFA\2phase_fracture_simulator\results\cross\sls\PressOut0030.vtp file
-- runtime: 77.6965
----------------------------------------------
- Step 30 ------------------------------------
velocity variation: 0.0027856
   0.850000000000000

p  :		[0.093430, 0.001221]
sat:		[0.934871, 0.000000]
-- PVI:		0.254270;
-- simtime:		19772.3;	-- dtime:	170.073
-- runtime: 78.8152
----------------------------------------------
- Step 31 ------------------------------------
velocity variation: 0.0017765
   0.850000000000000

p  :		[0.093677, 0.001217]
sat:		[0.934642, 0.000000]
-- PVI:		0.256129;
-- simtime:		19916.9;	-- dtime:	144.562
-- runtime: 79.8454
----------------------------------------------
- Step 32 ------------------------------------
velocity variation: 0.00056441
   1.150000000000000

p  :		[0.093884, 0.001214]
sat:		[0.934508, 0.000000]
-- PVI:		0.258267;
-- simtime:		20083.1;	-- dtime:	166.246
-- runtime: 80.8703
----------------------------------------------
- Step 33 ------------------------------------
velocity variation: 0.00073716
   1.150000000000000

p  :		[0.094105, 0.001211]
sat:		[0.934464, 0.000000]
-- PVI:		0.260726;
-- simtime:		20274.3;	-- dtime:	191.183
-- runtime: 81.9306
----------------------------------------------
- Step 34 ------------------------------------
velocity variation: 0.0006797
   1.150000000000000

p  :		[0.094330, 0.001207]
sat:		[0.934532, 0.000000]
-- PVI:		0.263553;
-- simtime:		20494.2;	-- dtime:	219.86
-- runtime: 83.0296
----------------------------------------------
- Step 35 ------------------------------------
velocity variation: 0.00079287
   1.150000000000000

p  :		[0.094561, 0.001203]
sat:		[0.934731, 0.000000]
-- PVI:		0.266805;
-- simtime:		20747;	-- dtime:	252.839
-- runtime: 84.1561
----------------------------------------------
- Step 36 ------------------------------------
velocity variation: 0.0012242
   0.945458102357409

p  :		[0.094793, 0.001199]
sat:		[0.934896, 0.000000]
-- PVI:		0.269879;
-- simtime:		20986;	-- dtime:	239.049
-- runtime: 85.2528
----------------------------------------------
- Step 37 ------------------------------------
velocity variation: 0.0014561
   0.850000000000000

p  :		[0.095033, 0.001194]
sat:		[0.934929, 0.000000]
-- PVI:		0.272492;
-- simtime:		21189.2;	-- dtime:	203.192
-- runtime: 86.3101
----------------------------------------------
- Step 38 ------------------------------------
velocity variation: 0.00090423
   1.150000000000000

p  :		[0.095246, 0.001190]
sat:		[0.935091, 0.000000]
-- PVI:		0.275497;
-- simtime:		21422.9;	-- dtime:	233.67
** creating PressOut00011.vtk file
** creating C:\DFiles\MATLAB\MPFA\2phase_fracture_simulator\results\cross\sls\PressOut0039.vtp file
-- runtime: 90.3488
----------------------------------------------
- Step 39 ------------------------------------
velocity variation: 0.00091649
   1.150000000000000

p  :		[0.095461, 0.001185]
sat:		[0.935347, 0.000000]
-- PVI:		0.278953;
-- simtime:		21691.6;	-- dtime:	268.721
-- runtime: 91.5161
----------------------------------------------
- Step 40 ------------------------------------
velocity variation: 0.0010873
   1.064476853492878

p  :		[0.095682, 0.001179]
sat:		[0.935632, 0.000000]
-- PVI:		0.282631;
-- simtime:		21977.7;	-- dtime:	286.047
-- runtime: 92.6755
----------------------------------------------
- Step 41 ------------------------------------
velocity variation: 0.0014868
   0.850000000000000

p  :		[0.095911, 0.001173]
sat:		[0.935788, 0.000000]
-- PVI:		0.285758;
-- simtime:		22220.8;	-- dtime:	243.14
-- runtime: 93.7699
----------------------------------------------
- Step 42 ------------------------------------
velocity variation: 0.0010284
   1.125414317694666

p  :		[0.096133, 0.001168]
sat:		[0.935958, 0.000000]
-- PVI:		0.289277;
-- simtime:		22494.5;	-- dtime:	273.634
-- runtime: 94.9032
----------------------------------------------
- Step 43 ------------------------------------
velocity variation: 0.0013254
   0.873215053438794

p  :		[0.096331, 0.001162]
sat:		[0.936088, 0.000000]
-- PVI:		0.292350;
-- simtime:		22733.4;	-- dtime:	238.941
-- runtime: 96.0007
----------------------------------------------
- Step 44 ------------------------------------
velocity variation: 0.0010537
   1.098380600848176

p  :		[0.096536, 0.001156]
sat:		[0.936324, 0.000000]
-- PVI:		0.295725;
-- simtime:		22995.8;	-- dtime:	262.448
-- runtime: 97.09
----------------------------------------------
- Step 45 ------------------------------------
velocity variation: 0.0014179
   0.850000000000000

p  :		[0.096725, 0.001150]
sat:		[0.936446, 0.000000]
-- PVI:		0.298593;
-- simtime:		23218.9;	-- dtime:	223.081
-- runtime: 98.1729
----------------------------------------------
- Step 46 ------------------------------------
velocity variation: 0.0010645
   1.087306298805002

p  :		[0.096902, 0.001145]
sat:		[0.936616, 0.000000]
-- PVI:		0.301713;
-- simtime:		23461.5;	-- dtime:	242.557
** creating PressOut00012.vtk file
** creating C:\DFiles\MATLAB\MPFA\2phase_fracture_simulator\results\cross\sls\PressOut0047.vtp file
-- runtime: 102.25
----------------------------------------------
- Step 47 ------------------------------------
velocity variation: 0.0011773
   0.983105854488534

p  :		[0.097075, 0.001139]
sat:		[0.936777, 0.000000]
-- PVI:		0.304779;
-- simtime:		23699.9;	-- dtime:	238.459
-- runtime: 103.369
----------------------------------------------
- Step 48 ------------------------------------
velocity variation: 0.0012424
   0.931618527431949

p  :		[0.097247, 0.001133]
sat:		[0.936850, 0.000000]
-- PVI:		0.307636;
-- simtime:		23922.1;	-- dtime:	222.153
-- runtime: 104.458
----------------------------------------------
- Step 49 ------------------------------------
velocity variation: 0.00070342
   1.150000000000000

p  :		[0.097425, 0.001128]
sat:		[0.936982, 0.000000]
-- PVI:		0.310922;
-- simtime:		24177.6;	-- dtime:	255.476
-- runtime: 105.673
----------------------------------------------
- Step 50 ------------------------------------
velocity variation: 0.001352
   0.856054234513863

p  :		[0.097610, 0.001121]
sat:		[0.937049, 0.000000]
-- PVI:		0.313734;
-- simtime:		24396.3;	-- dtime:	218.701
-- runtime: 106.858
----------------------------------------------
- Step 51 ------------------------------------
velocity variation: 0.0010279
   1.125951060321801

p  :		[0.097786, 0.001115]
sat:		[0.937219, 0.000000]
-- PVI:		0.316901;
-- simtime:		24642.5;	-- dtime:	246.247
-- runtime: 108.069
----------------------------------------------
- Step 52 ------------------------------------
velocity variation: 0.00090199
   1.150000000000000

p  :		[0.097988, 0.001108]
sat:		[0.937510, 0.000000]
-- PVI:		0.320543;
-- simtime:		24925.7;	-- dtime:	283.184
-- runtime: 109.314
----------------------------------------------
- Step 53 ------------------------------------
velocity variation: 0.0012481
   0.927319962313551

p  :		[0.098136, 0.001100]
sat:		[0.937737, 0.000000]
-- PVI:		0.323920;
-- simtime:		25188.3;	-- dtime:	262.602
-- runtime: 110.48
----------------------------------------------
- Step 54 ------------------------------------
velocity variation: 0.0024682
   0.850000000000000

p  :		[0.098375, 0.001092]
sat:		[0.937827, 0.000000]
-- PVI:		0.326790;
-- simtime:		25411.5;	-- dtime:	223.212
** creating PressOut00013.vtk file
** creating C:\DFiles\MATLAB\MPFA\2phase_fracture_simulator\results\cross\sls\PressOut0055.vtp file
-- runtime: 114.525
----------------------------------------------
- Step 55 ------------------------------------
velocity variation: 0.0024481
   0.850000000000000

p  :		[0.098516, 0.001085]
sat:		[0.937903, 0.000000]
-- PVI:		0.329230;
-- simtime:		25601.2;	-- dtime:	189.73
-- runtime: 115.575
----------------------------------------------
- Step 56 ------------------------------------
velocity variation: 0.0017385
   0.850000000000000

p  :		[0.098744, 0.001079]
sat:		[0.937896, 0.000000]
-- PVI:		0.331304;
-- simtime:		25762.5;	-- dtime:	161.271
-- runtime: 116.629
----------------------------------------------
- Step 57 ------------------------------------
velocity variation: 0.0018423
   0.850000000000000

p  :		[0.098877, 0.001073]
sat:		[0.937817, 0.000000]
-- PVI:		0.333067;
-- simtime:		25899.6;	-- dtime:	137.08
-- runtime: 117.65
----------------------------------------------
- Step 58 ------------------------------------
velocity variation: 0.0010412
   1.111603315795107

p  :		[0.099012, 0.001069]
sat:		[0.937788, 0.000000]
-- PVI:		0.335026;
-- simtime:		26052;	-- dtime:	152.379
-- runtime: 118.666
----------------------------------------------
- Step 59 ------------------------------------
velocity variation: 0.0011445
   1.011268981636338

p  :		[0.099136, 0.001064]
sat:		[0.937770, 0.000000]
-- PVI:		0.337008;
-- simtime:		26206.1;	-- dtime:	154.096
-- runtime: 119.678
----------------------------------------------
- Step 60 ------------------------------------
velocity variation: 0.00085152
   1.150000000000000

p  :		[0.099256, 0.001059]
sat:		[0.937824, 0.000000]
-- PVI:		0.339287;
-- simtime:		26383.3;	-- dtime:	177.21
-- runtime: 120.742
----------------------------------------------
- Step 61 ------------------------------------
velocity variation: 0.0010757
   1.075962467748743

p  :		[0.099385, 0.001053]
sat:		[0.937908, 0.000000]
-- PVI:		0.341739;
-- simtime:		26574;	-- dtime:	190.672
-- runtime: 121.788
----------------------------------------------
- Step 62 ------------------------------------
velocity variation: 0.001279
   0.904955092450289

p  :		[0.099494, 0.001048]
sat:		[0.937946, 0.000000]
-- PVI:		0.343958;
-- simtime:		26746.5;	-- dtime:	172.549
-- runtime: 122.837
----------------------------------------------
- Step 63 ------------------------------------
velocity variation: 0.00082147
   1.150000000000000

p  :		[0.099631, 0.001042]
sat:		[0.938024, 0.000000]
-- PVI:		0.346510;
-- simtime:		26944.9;	-- dtime:	198.432
-- runtime: 123.887
----------------------------------------------
- Step 64 ------------------------------------
velocity variation: 0.0018961
   0.850000000000000

p  :		[0.099832, 0.001032]
sat:		[0.938025, 0.000000]
-- PVI:		0.348679;
-- simtime:		27113.6;	-- dtime:	168.667
-- runtime: 124.94
----------------------------------------------
- Step 65 ------------------------------------
velocity variation: 0.00069645
   1.150000000000000

p  :		[0.099979, 0.001026]
sat:		[0.938101, 0.000000]
-- PVI:		0.351173;
-- simtime:		27307.6;	-- dtime:	193.967
** creating PressOut00014.vtk file
** creating C:\DFiles\MATLAB\MPFA\2phase_fracture_simulator\results\cross\sls\PressOut0066.vtp file
-- runtime: 129.011
----------------------------------------------
- Step 66 ------------------------------------
velocity variation: 0.0014283
   0.850000000000000

p  :		[0.100074, 0.001019]
sat:		[0.938103, 0.000000]
-- PVI:		0.353293;
-- simtime:		27472.4;	-- dtime:	164.872
-- runtime: 130.114
----------------------------------------------
- Step 67 ------------------------------------
velocity variation: 0.00051494
   1.150000000000000

p  :		[0.100215, 0.001013]
sat:		[0.938185, 0.000000]
-- PVI:		0.355732;
-- simtime:		27662;	-- dtime:	189.603
-- runtime: 131.239
----------------------------------------------
- Step 68 ------------------------------------
velocity variation: 0.00086736
   1.150000000000000

p  :		[0.100341, 0.001006]
sat:		[0.938352, 0.000000]
-- PVI:		0.358536;
-- simtime:		27880.1;	-- dtime:	218.043
-- runtime: 132.397
----------------------------------------------
- Step 69 ------------------------------------
velocity variation: 0.0013979
   0.850000000000000

p  :		[0.100454, 0.000998]
sat:		[0.938435, 0.000000]
-- PVI:		0.360919;
-- simtime:		28065.4;	-- dtime:	185.337
-- runtime: 133.527
----------------------------------------------
- Step 70 ------------------------------------
velocity variation: 0.00066624
   1.150000000000000

p  :		[0.100604, 0.000991]
sat:		[0.938596, 0.000000]
-- PVI:		0.363660;
-- simtime:		28278.6;	-- dtime:	213.137
-- runtime: 134.686
----------------------------------------------
- Step 71 ------------------------------------
velocity variation: 0.0010661
   1.085623544295343

p  :		[0.100717, 0.000984]
sat:		[0.938813, 0.000000]
-- PVI:		0.366636;
-- simtime:		28509.9;	-- dtime:	231.387
-- runtime: 135.836
----------------------------------------------
- Step 72 ------------------------------------
velocity variation: 0.0011808
   0.980173905135999

p  :		[0.100832, 0.000976]
sat:		[0.939016, 0.000000]
-- PVI:		0.369552;
-- simtime:		28736.7;	-- dtime:	226.799
-- runtime: 136.92
----------------------------------------------
- Step 73 ------------------------------------
velocity variation: 0.00096177
   1.150000000000000

p  :		[0.100964, 0.000967]
sat:		[0.939311, 0.000000]
-- PVI:		0.372906;
-- simtime:		28997.6;	-- dtime:	260.819
-- runtime: 138.059
----------------------------------------------
- Step 74 ------------------------------------
velocity variation: 0.0010761
   1.075585230646312

p  :		[0.101103, 0.000958]
sat:		[0.939668, 0.000000]
-- PVI:		0.376514;
-- simtime:		29278.1;	-- dtime:	280.533
** creating PressOut00015.vtk file
** creating C:\DFiles\MATLAB\MPFA\2phase_fracture_simulator\results\cross\sls\PressOut0075.vtp file
-- runtime: 142.263
----------------------------------------------
- Step 75 ------------------------------------
velocity variation: 0.0017273
   0.850000000000000

p  :		[0.101200, 0.000948]
sat:		[0.939960, 0.000000]
-- PVI:		0.379580;
-- simtime:		29516.5;	-- dtime:	238.453
-- runtime: 143.404
----------------------------------------------
- Step 76 ------------------------------------
velocity variation: 0.0026285
   0.850000000000000

p  :		[0.101400, 0.000939]
sat:		[0.940157, 0.000000]
-- PVI:		0.382187;
-- simtime:		29719.2;	-- dtime:	202.685
-- runtime: 144.555
----------------------------------------------
- Step 77 ------------------------------------
velocity variation: 0.0024983
   0.850000000000000

p  :		[0.101489, 0.000930]
sat:		[0.940303, 0.000000]
-- PVI:		0.384402;
-- simtime:		29891.5;	-- dtime:	172.282
-- runtime: 145.674
----------------------------------------------
- Step 78 ------------------------------------
velocity variation: 0.00086558
   1.150000000000000

p  :		[0.101609, 0.000923]
sat:		[0.940492, 0.000000]
-- PVI:		0.386950;
-- simtime:		30089.6;	-- dtime:	198.125
-- runtime: 146.807
----------------------------------------------
- Step 79 ------------------------------------
velocity variation: 0.00099557
   1.150000000000000

p  :		[0.101712, 0.000914]
sat:		[0.940737, 0.000000]
-- PVI:		0.389880;
-- simtime:		30317.5;	-- dtime:	227.843
-- runtime: 147.962
----------------------------------------------
- Step 80 ------------------------------------
velocity variation: 0.00095275
   1.150000000000000

p  :		[0.101828, 0.000905]
sat:		[0.941042, 0.000000]
-- PVI:		0.393250;
-- simtime:		30579.5;	-- dtime:	262.02
-- runtime: 149.156
----------------------------------------------
- Step 81 ------------------------------------
velocity variation: 0.0012484
   0.927111199201263

p  :		[0.101955, 0.000893]
sat:		[0.941293, 0.000000]
-- PVI:		0.396374;
-- simtime:		30822.4;	-- dtime:	242.922
-- runtime: 150.385
----------------------------------------------
- Step 82 ------------------------------------
velocity variation: 0.00088864
   1.150000000000000

p  :		[0.102091, 0.000883]
sat:		[0.941607, 0.000000]
-- PVI:		0.399966;
-- simtime:		31101.8;	-- dtime:	279.36
-- runtime: 151.659
----------------------------------------------
- Step 83 ------------------------------------
velocity variation: 0.00165
   0.850000000000000

p  :		[0.102279, 0.000869]
sat:		[0.941852, 0.000000]
-- PVI:		0.403020;
-- simtime:		31339.2;	-- dtime:	237.456
** creating PressOut00016.vtk file
** creating C:\DFiles\MATLAB\MPFA\2phase_fracture_simulator\results\cross\sls\PressOut0084.vtp file
-- runtime: 155.889
----------------------------------------------
- Step 84 ------------------------------------
velocity variation: 0.0010164
   1.138724161478262

p  :		[0.102456, 0.000858]
sat:		[0.942138, 0.000000]
-- PVI:		0.406497;
-- simtime:		31609.6;	-- dtime:	270.397
-- runtime: 157.078
----------------------------------------------
- Step 85 ------------------------------------
velocity variation: 0.0012983
   0.891504782982507

p  :		[0.102575, 0.000845]
sat:		[0.942361, 0.000000]
-- PVI:		0.409597;
-- simtime:		31850.7;	-- dtime:	241.06
-- runtime: 158.236
----------------------------------------------
- Step 86 ------------------------------------
velocity variation: 0.00084547
   1.150000000000000

p  :		[0.102758, 0.000832]
sat:		[0.942641, 0.000000]
-- PVI:		0.413162;
-- simtime:		32127.9;	-- dtime:	277.219
-- runtime: 159.419
----------------------------------------------
- Step 87 ------------------------------------
velocity variation: 0.0015948
   0.850000000000000

p  :		[0.102867, 0.000819]
sat:		[0.942836, 0.000000]
-- PVI:		0.416193;
-- simtime:		32363.6;	-- dtime:	235.636
-- runtime: 160.551
----------------------------------------------
- Step 88 ------------------------------------
velocity variation: 0.00075771
   1.150000000000000

p  :		[0.103010, 0.000807]
sat:		[0.943093, 0.000000]
-- PVI:		0.419677;
-- simtime:		32634.5;	-- dtime:	270.981
-- runtime: 161.735
----------------------------------------------
- Step 89 ------------------------------------
velocity variation: 0.0012126
   0.954470270734597

p  :		[0.103125, 0.000795]
sat:		[0.943329, 0.000000]
-- PVI:		0.423004;
-- simtime:		32893.2;	-- dtime:	258.644
-- runtime: 162.889
----------------------------------------------
- Step 90 ------------------------------------
velocity variation: 0.0010002
   1.150000000000000

p  :		[0.103269, 0.000783]
sat:		[0.943636, 0.000000]
-- PVI:		0.426829;
-- simtime:		33190.6;	-- dtime:	297.44
** creating PressOut00017.vtk file
** creating C:\DFiles\MATLAB\MPFA\2phase_fracture_simulator\results\cross\sls\PressOut0091.vtp file
-- runtime: 167.136
----------------------------------------------
- Step 91 ------------------------------------
velocity variation: 0.001233
   0.938722370456582

p  :		[0.103389, 0.000769]
sat:		[0.943925, 0.000000]
-- PVI:		0.430419;
-- simtime:		33469.8;	-- dtime:	279.214
-- runtime: 168.313
----------------------------------------------
- Step 92 ------------------------------------
velocity variation: 0.0014404
   0.850000000000000

p  :		[0.103497, 0.000757]
sat:		[0.944114, 0.000000]
-- PVI:		0.433471;
-- simtime:		33707.2;	-- dtime:	237.332
-- runtime: 169.457
----------------------------------------------
- Step 93 ------------------------------------
velocity variation: 0.00081972
   1.150000000000000

p  :		[0.103623, 0.000746]
sat:		[0.944380, 0.000000]
-- PVI:		0.436981;
-- simtime:		33980.1;	-- dtime:	272.932
-- runtime: 170.628
----------------------------------------------
- Step 94 ------------------------------------
velocity variation: 0.0011895
   0.972992383280671

p  :		[0.103733, 0.000735]
sat:		[0.944628, 0.000000]
-- PVI:		0.440396;
-- simtime:		34245.7;	-- dtime:	265.56
-- runtime: 171.804
----------------------------------------------
- Step 95 ------------------------------------
velocity variation: 0.00097467
   1.150000000000000

p  :		[0.103850, 0.000725]
sat:		[0.944958, 0.000000]
-- PVI:		0.444324;
-- simtime:		34551.1;	-- dtime:	305.394
-- runtime: 173.012
----------------------------------------------
- Step 96 ------------------------------------
velocity variation: 0.0014513
   0.850000000000000

p  :		[0.103947, 0.000715]
sat:		[0.945181, 0.000000]
-- PVI:		0.447662;
-- simtime:		34810.6;	-- dtime:	259.585
-- runtime: 174.176
----------------------------------------------
- Step 97 ------------------------------------
velocity variation: 0.0007882
   1.150000000000000

p  :		[0.104074, 0.000708]
sat:		[0.945489, 0.000000]
-- PVI:		0.451501;
-- simtime:		35109.2;	-- dtime:	298.523
** creating PressOut00018.vtk file
** creating C:\DFiles\MATLAB\MPFA\2phase_fracture_simulator\results\cross\sls\PressOut0098.vtp file
-- runtime: 178.353
----------------------------------------------
- Step 98 ------------------------------------
velocity variation: 0.0011191
   1.034244991053541

p  :		[0.104190, 0.000703]
sat:		[0.945814, 0.000000]
-- PVI:		0.455471;
-- simtime:		35417.9;	-- dtime:	308.746
-- runtime: 179.547
----------------------------------------------
- Step 99 ------------------------------------
velocity variation: 0.0011879
   0.974292013761407

p  :		[0.104317, 0.000699]
sat:		[0.946124, 0.000000]
-- PVI:		0.459340;
-- simtime:		35718.7;	-- dtime:	300.809
-- runtime: 180.718
----------------------------------------------
- Step 100 ------------------------------------
velocity variation: 0.0014492
   0.850000000000000

p  :		[0.104491, 0.000706]
sat:		[0.946339, 0.000000]
-- PVI:		0.462628;
-- simtime:		35974.4;	-- dtime:	255.687
-- runtime: 181.856
----------------------------------------------
- Step 101 ------------------------------------
velocity variation: 0.00068199
   1.150000000000000

p  :		[0.104620, 0.000707]
sat:		[0.946628, 0.000000]
-- PVI:		0.466409;
-- simtime:		36268.4;	-- dtime:	294.041
-- runtime: 183.035
----------------------------------------------
- Step 102 ------------------------------------
velocity variation: 0.001011
   1.144787702244787

p  :		[0.104737, 0.000711]
sat:		[0.946989, 0.000000]
-- PVI:		0.470738;
-- simtime:		36605.1;	-- dtime:	336.614
-- runtime: 184.249
----------------------------------------------
- Step 103 ------------------------------------
velocity variation: 0.001349
   0.857991587617199

p  :		[0.104844, 0.000718]
sat:		[0.947241, 0.000000]
-- PVI:		0.474452;
-- simtime:		36893.9;	-- dtime:	288.812
-- runtime: 185.42
----------------------------------------------
- Step 104 ------------------------------------
velocity variation: 0.000853
   1.150000000000000

p  :		[0.104969, 0.000725]
sat:		[0.947563, 0.000000]
-- PVI:		0.478723;
-- simtime:		37226;	-- dtime:	332.134
** creating PressOut00019.vtk file
** creating C:\DFiles\MATLAB\MPFA\2phase_fracture_simulator\results\cross\sls\PressOut0105.vtp file
-- runtime: 189.633
----------------------------------------------
- Step 105 ------------------------------------
velocity variation: 0.0014021
   0.850000000000000

p  :		[0.105091, 0.000732]
sat:		[0.947791, 0.000000]
-- PVI:		0.482354;
-- simtime:		37508.3;	-- dtime:	282.314
-- runtime: 190.869
----------------------------------------------
- Step 106 ------------------------------------
velocity variation: 0.00071648
   1.150000000000000

p  :		[0.105236, 0.000720]
sat:		[0.948091, 0.000000]
-- PVI:		0.486529;
-- simtime:		37833;	-- dtime:	324.661
-- runtime: 192.172
----------------------------------------------
- Step 107 ------------------------------------
velocity variation: 0.0011277
   1.026332695686899

p  :		[0.105358, 0.000708]
sat:		[0.948395, 0.000000]
-- PVI:		0.490814;
-- simtime:		38166.2;	-- dtime:	333.21
-- runtime: 193.46
----------------------------------------------
- Step 108 ------------------------------------
velocity variation: 0.0013044
   0.887283363307777

p  :		[0.105476, 0.000697]
sat:		[0.948625, 0.000000]
-- PVI:		0.494616;
-- simtime:		38461.8;	-- dtime:	295.652
-- runtime: 194.694
----------------------------------------------
- Step 109 ------------------------------------
velocity variation: 0.00092987
   1.150000000000000

p  :		[0.105622, 0.000689]
sat:		[0.948873, 0.000000]
-- PVI:		0.498988;
-- simtime:		38801.8;	-- dtime:	339.999
-- runtime: 195.949
----------------------------------------------
- Step 110 ------------------------------------
velocity variation: 0.0016723
   0.850000000000000

p  :		[0.105721, 0.000684]
sat:		[0.949026, 0.000000]
-- PVI:		0.502705;
-- simtime:		39090.8;	-- dtime:	288.999
** creating PressOut00020.vtk file
** creating C:\DFiles\MATLAB\MPFA\2phase_fracture_simulator\results\cross\sls\PressOut0111.vtp file
-- runtime: 200.209
----------------------------------------------
- Step 111 ------------------------------------
velocity variation: 0.0010781
   1.073567242397156

p  :		[0.105864, 0.000680]
sat:		[0.949222, 0.000000]
-- PVI:		0.506695;
-- simtime:		39401.1;	-- dtime:	310.26
-- runtime: 201.437
----------------------------------------------
- Step 112 ------------------------------------
velocity variation: 0.0012672
   0.913377677749494

p  :		[0.105996, 0.000679]
sat:		[0.949329, 0.000000]
-- PVI:		0.510339;
-- simtime:		39684.5;	-- dtime:	283.385
-- runtime: 202.529
----------------------------------------------
- Step 113 ------------------------------------
velocity variation: 0.0013955
   0.850000000000000

p  :		[0.106107, 0.000679]
sat:		[0.949468, 0.000000]
-- PVI:		0.513437;
-- simtime:		39925.4;	-- dtime:	240.877
-- runtime: 203.696
----------------------------------------------
- Step 114 ------------------------------------
velocity variation: 0.0020146
   0.850000000000000

p  :		[0.106224, 0.000680]
sat:		[0.949582, 0.000000]
-- PVI:		0.516070;
-- simtime:		40130.1;	-- dtime:	204.746
-- runtime: 204.852
----------------------------------------------
- Step 115 ------------------------------------
velocity variation: 0.0013238
   0.874314342008844

p  :		[0.106327, 0.000681]
sat:		[0.949660, 0.000000]
-- PVI:		0.518372;
-- simtime:		40309.1;	-- dtime:	179.012
-- runtime: 205.993
----------------------------------------------
- Step 116 ------------------------------------
velocity variation: 0.0010983
   1.053826982281599

p  :		[0.106432, 0.000683]
sat:		[0.949749, 0.000000]
-- PVI:		0.520798;
-- simtime:		40497.8;	-- dtime:	188.648
-- runtime: 207.042
----------------------------------------------
- Step 117 ------------------------------------
velocity variation: 0.00095236
   1.150000000000000

p  :		[0.106533, 0.000684]
sat:		[0.949878, 0.000000]
-- PVI:		0.523588;
-- simtime:		40714.7;	-- dtime:	216.945
-- runtime: 208.107
----------------------------------------------
- Step 118 ------------------------------------
velocity variation: 0.0010519
   1.100258452808441

p  :		[0.106633, 0.000686]
sat:		[0.950038, 0.000000]
-- PVI:		0.526657;
-- simtime:		40953.4;	-- dtime:	238.695
** creating PressOut00021.vtk file
** creating C:\DFiles\MATLAB\MPFA\2phase_fracture_simulator\results\cross\sls\PressOut0119.vtp file
-- runtime: 212.277
----------------------------------------------
- Step 119 ------------------------------------
velocity variation: 0.0019177
   0.850000000000000

p  :		[0.106759, 0.000688]
sat:		[0.950145, 0.000000]
-- PVI:		0.529267;
-- simtime:		41156.3;	-- dtime:	202.891
-- runtime: 213.307
----------------------------------------------
- Step 120 ------------------------------------
velocity variation: 0.00097986
   1.150000000000000

p  :		[0.106899, 0.000690]
sat:		[0.950305, 0.000000]
-- PVI:		0.532267;
-- simtime:		41389.6;	-- dtime:	233.325
-- runtime: 214.362
----------------------------------------------
- Step 121 ------------------------------------
velocity variation: 0.0012584
   0.919750963724407

p  :		[0.106994, 0.000692]
sat:		[0.950438, 0.000000]
-- PVI:		0.535027;
-- simtime:		41604.2;	-- dtime:	214.601
-- runtime: 215.425
----------------------------------------------
- Step 122 ------------------------------------
velocity variation: 0.0011704
   0.988856778351534

p  :		[0.107113, 0.000694]
sat:		[0.950568, 0.000000]
-- PVI:		0.537756;
-- simtime:		41816.4;	-- dtime:	212.209
-- runtime: 216.483
----------------------------------------------
- Step 123 ------------------------------------
velocity variation: 0.0014473
   0.850000000000000

p  :		[0.107195, 0.000697]
sat:		[0.950651, 0.000000]
-- PVI:		0.540076;
-- simtime:		41996.8;	-- dtime:	180.378
-- runtime: 217.484
----------------------------------------------
- Step 124 ------------------------------------
velocity variation: 0.0012039
   0.961399960134862

p  :		[0.107298, 0.000699]
sat:		[0.950718, 0.000000]
-- PVI:		0.542306;
-- simtime:		42170.2;	-- dtime:	173.415
-- runtime: 218.484
----------------------------------------------
- Step 125 ------------------------------------
velocity variation: 0.00095877
   1.150000000000000

p  :		[0.107394, 0.000701]
sat:		[0.950829, 0.000000]
-- PVI:		0.544870;
-- simtime:		42369.7;	-- dtime:	199.428
-- runtime: 219.486
----------------------------------------------
- Step 126 ------------------------------------
velocity variation: 0.001119
   1.034286419589151

p  :		[0.107513, 0.000703]
sat:		[0.950948, 0.000000]
-- PVI:		0.547523;
-- simtime:		42575.9;	-- dtime:	206.265
-- runtime: 220.484
----------------------------------------------
- Step 127 ------------------------------------
velocity variation: 0.001267
   0.913466415732887

p  :		[0.107607, 0.000705]
sat:		[0.951034, 0.000000]
-- PVI:		0.549946;
-- simtime:		42764.3;	-- dtime:	188.416
-- runtime: 221.484
----------------------------------------------
- Step 128 ------------------------------------
velocity variation: 0.00099612
   1.150000000000000

p  :		[0.107715, 0.000707]
sat:		[0.951157, 0.000000]
-- PVI:		0.552732;
-- simtime:		42981;	-- dtime:	216.679
** creating PressOut00022.vtk file
** creating C:\DFiles\MATLAB\MPFA\2phase_fracture_simulator\results\cross\sls\PressOut0129.vtp file
-- runtime: 225.514
----------------------------------------------
- Step 129 ------------------------------------
velocity variation: 0.0011431
   1.012529938159374

p  :		[0.107828, 0.000709]
sat:		[0.951270, 0.000000]
-- PVI:		0.555554;
-- simtime:		43200.4;	-- dtime:	219.394
-- runtime: 226.516
----------------------------------------------
- Step 130 ------------------------------------
velocity variation: 0.0011974
   0.966557867051450

p  :		[0.107949, 0.000711]
sat:		[0.951375, 0.000000]
-- PVI:		0.558281;
-- simtime:		43412.5;	-- dtime:	212.057
-- runtime: 227.626
----------------------------------------------
- Step 131 ------------------------------------
velocity variation: 0.0011178
   1.035400835367849

p  :		[0.108054, 0.000713]
sat:		[0.951491, 0.000000]
-- PVI:		0.561104;
-- simtime:		43632;	-- dtime:	219.564
-- runtime: 228.736
----------------------------------------------
- Step 132 ------------------------------------
velocity variation: 0.0010487
   1.103681705692278

p  :		[0.108158, 0.000716]
sat:		[0.951638, 0.000000]
-- PVI:		0.564221;
-- simtime:		43874.4;	-- dtime:	242.329
-- runtime: 229.873
----------------------------------------------
- Step 133 ------------------------------------
velocity variation: 0.0011237
   1.029954202597771

p  :		[0.108236, 0.000719]
sat:		[0.951797, 0.000000]
-- PVI:		0.567430;
-- simtime:		44123.9;	-- dtime:	249.587
-- runtime: 230.933
----------------------------------------------
- Step 134 ------------------------------------
velocity variation: 0.00098848
   1.150000000000000

p  :		[0.108394, 0.000721]
sat:		[0.952000, 0.000000]
-- PVI:		0.571121;
-- simtime:		44411;	-- dtime:	287.025
-- runtime: 232.032
----------------------------------------------
- Step 135 ------------------------------------
velocity variation: 0.0012396
   0.933682191575164

p  :		[0.108496, 0.000724]
sat:		[0.952174, 0.000000]
-- PVI:		0.574568;
-- simtime:		44679;	-- dtime:	267.991
-- runtime: 233.094
----------------------------------------------
- Step 136 ------------------------------------
velocity variation: 0.0011847
   0.976920398033666

p  :		[0.108616, 0.000726]
sat:		[0.952334, 0.000000]
-- PVI:		0.577935;
-- simtime:		44940.8;	-- dtime:	261.805
** creating PressOut00023.vtk file
** creating C:\DFiles\MATLAB\MPFA\2phase_fracture_simulator\results\cross\sls\PressOut0137.vtp file
-- runtime: 237.148
----------------------------------------------
- Step 137 ------------------------------------
velocity variation: 0.0015664
   0.850000000000000

p  :		[0.108754, 0.000729]
sat:		[0.952439, 0.000000]
-- PVI:		0.580796;
-- simtime:		45163.3;	-- dtime:	222.535
-- runtime: 238.17
----------------------------------------------
- Step 138 ------------------------------------
velocity variation: 0.00079947
   1.150000000000000

p  :		[0.108880, 0.000731]
sat:		[0.952595, 0.000000]
-- PVI:		0.584087;
-- simtime:		45419.2;	-- dtime:	255.915
-- runtime: 239.227
----------------------------------------------
- Step 139 ------------------------------------
velocity variation: 0.0010392
   1.113726323402789

p  :		[0.108988, 0.000733]
sat:		[0.952789, 0.000000]
-- PVI:		0.587753;
-- simtime:		45704.2;	-- dtime:	285.019
-- runtime: 240.313
----------------------------------------------
- Step 140 ------------------------------------
velocity variation: 0.0010214
   1.133144491489974

p  :		[0.109124, 0.000736]
sat:		[0.953026, 0.000000]
-- PVI:		0.591906;
-- simtime:		46027.2;	-- dtime:	322.968
-- runtime: 241.44
----------------------------------------------
- Step 141 ------------------------------------
velocity variation: 0.0012593
   0.919093579987889

p  :		[0.109241, 0.000740]
sat:		[0.953228, 0.000000]
-- PVI:		0.595723;
-- simtime:		46324;	-- dtime:	296.838
-- runtime: 242.536
----------------------------------------------
- Step 142 ------------------------------------
velocity variation: 0.0010211
   1.133450589917226

p  :		[0.109380, 0.000742]
sat:		[0.953466, 0.000000]
-- PVI:		0.600050;
-- simtime:		46660.5;	-- dtime:	336.451
** creating PressOut00024.vtk file
** creating C:\DFiles\MATLAB\MPFA\2phase_fracture_simulator\results\cross\sls\PressOut0143.vtp file
-- runtime: 246.661
----------------------------------------------
- Step 143 ------------------------------------
velocity variation: 0.0011241
   1.029650526973292

p  :		[0.109510, 0.000746]
sat:		[0.953724, 0.000000]
-- PVI:		0.604505;
-- simtime:		47006.9;	-- dtime:	346.427
-- runtime: 247.782
----------------------------------------------
- Step 144 ------------------------------------
velocity variation: 0.0011525
   1.004228809791940

p  :		[0.109681, 0.000748]
sat:		[0.953973, 0.000000]
-- PVI:		0.608979;
-- simtime:		47354.8;	-- dtime:	347.892
-- runtime: 248.901
----------------------------------------------
- Step 145 ------------------------------------
velocity variation: 0.0010554
   1.096601841956601

p  :		[0.109822, 0.000752]
sat:		[0.954251, 0.000000]
-- PVI:		0.613885;
-- simtime:		47736.3;	-- dtime:	381.499
-- runtime: 250.063
----------------------------------------------
- Step 146 ------------------------------------
velocity variation: 0.0011276
   1.026470376979400

p  :		[0.109998, 0.000756]
sat:		[0.954528, 0.000000]
-- PVI:		0.618921;
-- simtime:		48127.9;	-- dtime:	391.597
-- runtime: 251.265
----------------------------------------------
- Step 147 ------------------------------------
velocity variation: 0.0011839
   0.977632455286135

p  :		[0.110159, 0.000760]
sat:		[0.954791, 0.000000]
-- PVI:		0.623844;
-- simtime:		48510.7;	-- dtime:	382.838
-- runtime: 252.423
----------------------------------------------
- Step 148 ------------------------------------
velocity variation: 0.0010601
   1.091750275847782

p  :		[0.110330, 0.000763]
sat:		[0.955114, 0.000000]
-- PVI:		0.629219;
-- simtime:		48928.7;	-- dtime:	417.963
** creating PressOut00025.vtk file
** creating C:\DFiles\MATLAB\MPFA\2phase_fracture_simulator\results\cross\sls\PressOut0149.vtp file
-- runtime: 256.563
----------------------------------------------
- Step 149 ------------------------------------
velocity variation: 0.0010567
   1.095303290907195

p  :		[0.110527, 0.000767]
sat:		[0.955521, 0.000000]
-- PVI:		0.635106;
-- simtime:		49386.5;	-- dtime:	457.797
-- runtime: 257.733
----------------------------------------------
- Step 150 ------------------------------------
velocity variation: 0.0012882
   0.898469922854811

p  :		[0.110718, 0.000772]
sat:		[0.955850, 0.000000]
-- PVI:		0.640396;
-- simtime:		49797.8;	-- dtime:	411.317
-- runtime: 258.872
----------------------------------------------
- Step 151 ------------------------------------
velocity variation: 0.0011403
   1.014966645944295

p  :		[0.110921, 0.000776]
sat:		[0.956180, 0.000000]
-- PVI:		0.645765;
-- simtime:		50215.3;	-- dtime:	417.473
-- runtime: 259.998
----------------------------------------------
- Step 152 ------------------------------------
velocity variation: 0.0010297
   1.124061160683152

p  :		[0.111120, 0.000780]
sat:		[0.956575, 0.000000]
-- PVI:		0.651799;
-- simtime:		50684.6;	-- dtime:	469.265
** creating PressOut00026.vtk file
** creating C:\DFiles\MATLAB\MPFA\2phase_fracture_simulator\results\cross\sls\PressOut0153.vtp file
-- runtime: 264.161
----------------------------------------------
- Step 153 ------------------------------------
velocity variation: 0.0012188
   0.949642363020662

p  :		[0.111341, 0.000785]
sat:		[0.956935, 0.000000]
-- PVI:		0.657530;
-- simtime:		51130.2;	-- dtime:	445.634
-- runtime: 265.291
----------------------------------------------
- Step 154 ------------------------------------
velocity variation: 0.00090033
   1.150000000000000

p  :		[0.111587, 0.000789]
sat:		[0.957375, 0.000000]
-- PVI:		0.664121;
-- simtime:		51642.7;	-- dtime:	512.479
-- runtime: 266.458
----------------------------------------------
- Step 155 ------------------------------------
velocity variation: 0.0011819
   0.979253690692233

p  :		[0.111846, 0.000794]
sat:		[0.957795, 0.000000]
-- PVI:		0.670574;
-- simtime:		52144.5;	-- dtime:	501.847
-- runtime: 267.622
----------------------------------------------
- Step 156 ------------------------------------
velocity variation: 0.0012068
   0.959094961463785

p  :		[0.112121, 0.000799]
sat:		[0.958180, 0.000000]
-- PVI:		0.676764;
-- simtime:		52625.8;	-- dtime:	481.319
** creating PressOut00027.vtk file
** creating C:\DFiles\MATLAB\MPFA\2phase_fracture_simulator\results\cross\sls\PressOut0157.vtp file
-- runtime: 271.797
----------------------------------------------
- Step 157 ------------------------------------
velocity variation: 0.0010659
   1.085795641251422

p  :		[0.112392, 0.000804]
sat:		[0.958605, 0.000000]
-- PVI:		0.683485;
-- simtime:		53148.4;	-- dtime:	522.614
-- runtime: 273.047
----------------------------------------------
- Step 158 ------------------------------------
velocity variation: 0.0011644
   0.993987589350124

p  :		[0.112665, 0.000809]
sat:		[0.959007, 0.000000]
-- PVI:		0.690165;
-- simtime:		53667.9;	-- dtime:	519.472
-- runtime: 274.333
----------------------------------------------
- Step 159 ------------------------------------
velocity variation: 0.00099567
   1.150000000000000

p  :		[0.112958, 0.000814]
sat:		[0.959491, 0.000000]
-- PVI:		0.697848;
-- simtime:		54265.3;	-- dtime:	597.392
-- runtime: 275.687
----------------------------------------------
- Step 160 ------------------------------------
velocity variation: 0.0010831
   1.068587601426950

p  :		[0.113287, 0.000820]
sat:		[0.960008, 0.000000]
-- PVI:		0.706057;
-- simtime:		54903.7;	-- dtime:	638.366
** creating PressOut00028.vtk file
** creating C:\DFiles\MATLAB\MPFA\2phase_fracture_simulator\results\cross\sls\PressOut0161.vtp file
-- runtime: 280.045
----------------------------------------------
- Step 161 ------------------------------------
velocity variation: 0.0010596
   1.092289765261834

p  :		[0.113659, 0.000827]
sat:		[0.960554, 0.000000]
-- PVI:		0.715024;
-- simtime:		55601;	-- dtime:	697.281
-- runtime: 281.432
----------------------------------------------
- Step 162 ------------------------------------
velocity variation: 0.0011132
   1.039711154523030

p  :		[0.114083, 0.000836]
sat:		[0.961092, 0.000000]
-- PVI:		0.724347;
-- simtime:		56325.9;	-- dtime:	724.97
-- runtime: 282.78
----------------------------------------------
- Step 163 ------------------------------------
velocity variation: 0.0011107
   1.042078007248591

p  :		[0.114495, 0.000846]
sat:		[0.961644, 0.000000]
-- PVI:		0.734062;
-- simtime:		57081.4;	-- dtime:	755.476
** creating PressOut00029.vtk file
** creating C:\DFiles\MATLAB\MPFA\2phase_fracture_simulator\results\cross\sls\PressOut0164.vtp file
-- runtime: 287.102
----------------------------------------------
- Step 164 ------------------------------------
velocity variation: 0.0011034
   1.048949445735107

p  :		[0.114946, 0.000856]
sat:		[0.962219, 0.000000]
-- PVI:		0.744253;
-- simtime:		57873.9;	-- dtime:	792.456
-- runtime: 288.457
----------------------------------------------
- Step 165 ------------------------------------
velocity variation: 0.0012035
   0.961732404272558

p  :		[0.115425, 0.000855]
sat:		[0.962750, 0.000000]
-- PVI:		0.754054;
-- simtime:		58636;	-- dtime:	762.131
** creating PressOut00030.vtk file
** creating C:\DFiles\MATLAB\MPFA\2phase_fracture_simulator\results\cross\sls\PressOut0166.vtp file
-- runtime: 292.886
----------------------------------------------
- Step 166 ------------------------------------
velocity variation: 0.0010212
   1.133358091839194

p  :		[0.115927, 0.000867]
sat:		[0.963355, 0.000000]
-- PVI:		0.765162;
-- simtime:		59499.8;	-- dtime:	863.767
-- runtime: 294.408
----------------------------------------------
- Step 167 ------------------------------------
velocity variation: 0.0011119
   1.040893307571524

p  :		[0.116483, 0.000883]
sat:		[0.963962, 0.000000]
-- PVI:		0.776724;
-- simtime:		60398.8;	-- dtime:	899.089
** creating PressOut00031.vtk file
** creating C:\DFiles\MATLAB\MPFA\2phase_fracture_simulator\results\cross\sls\PressOut0168.vtp file
-- runtime: 298.809
----------------------------------------------
- Step 168 ------------------------------------
velocity variation: 0.0010419
   1.110831790085333

p  :		[0.117082, 0.000904]
sat:		[0.964628, 0.000000]
-- PVI:		0.789568;
-- simtime:		61397.6;	-- dtime:	998.737
-- runtime: 300.331
----------------------------------------------
- Step 169 ------------------------------------
velocity variation: 0.0010944
   1.057538417976317

p  :		[0.117744, 0.000929]
sat:		[0.965339, 0.000000]
-- PVI:		0.803151;
-- simtime:		62453.8;	-- dtime:	1056.2
** creating PressOut00032.vtk file
** creating C:\DFiles\MATLAB\MPFA\2phase_fracture_simulator\results\cross\sls\PressOut0170.vtp file
-- runtime: 304.896
----------------------------------------------
- Step 170 ------------------------------------
velocity variation: 0.00095956
   1.150000000000000

p  :		[0.118450, 0.000955]
sat:		[0.966141, 0.000000]
-- PVI:		0.818771;
-- simtime:		63668.4;	-- dtime:	1214.63
-- runtime: 306.421
----------------------------------------------
- Step 171 ------------------------------------
velocity variation: 0.0011148
   1.038209224748025

p  :		[0.119273, 0.000981]
sat:		[0.966933, 0.000000]
-- PVI:		0.834988;
-- simtime:		64929.5;	-- dtime:	1261.04
** creating PressOut00033.vtk file
** creating C:\DFiles\MATLAB\MPFA\2phase_fracture_simulator\results\cross\sls\PressOut0172.vtp file
-- runtime: 310.958
----------------------------------------------
- Step 172 ------------------------------------
velocity variation: 0.0011189
   1.034444974331673

p  :		[0.120121, 0.001015]
sat:		[0.967718, 0.000000]
-- PVI:		0.851763;
-- simtime:		66233.9;	-- dtime:	1304.48
** creating PressOut00034.vtk file
** creating C:\DFiles\MATLAB\MPFA\2phase_fracture_simulator\results\cross\sls\PressOut0173.vtp file
-- runtime: 315.579
----------------------------------------------
- Step 173 ------------------------------------
velocity variation: 0.0010857
   1.066063697466408

p  :		[0.121048, 0.001015]
sat:		[0.968521, 0.000000]
-- PVI:		0.869647;
-- simtime:		67624.6;	-- dtime:	1390.66
-- runtime: 317.129
----------------------------------------------
- Step 174 ------------------------------------
velocity variation: 0.0010096
   1.146372740914557

p  :		[0.121949, 0.001025]
sat:		[0.969416, 0.000000]
-- PVI:		0.890148;
-- simtime:		69218.8;	-- dtime:	1594.21
** creating PressOut00035.vtk file
** creating C:\DFiles\MATLAB\MPFA\2phase_fracture_simulator\results\cross\sls\PressOut0175.vtp file
-- runtime: 321.737
----------------------------------------------
- Step 175 ------------------------------------
velocity variation: 0.0011186
   1.034719783611070

p  :		[0.122903, 0.000975]
sat:		[0.970296, 0.000000]
-- PVI:		0.911362;
-- simtime:		70868.4;	-- dtime:	1649.56
** creating PressOut00036.vtk file
** creating C:\DFiles\MATLAB\MPFA\2phase_fracture_simulator\results\cross\sls\PressOut0176.vtp file
-- runtime: 326.253
----------------------------------------------
- Step 176 ------------------------------------
velocity variation: 0.0011182
   1.035016846291085

p  :		[0.123801, 0.000995]
sat:		[0.971157, 0.000000]
-- PVI:		0.933318;
-- simtime:		72575.7;	-- dtime:	1707.33
** creating PressOut00037.vtk file
** creating C:\DFiles\MATLAB\MPFA\2phase_fracture_simulator\results\cross\sls\PressOut0177.vtp file
-- runtime: 330.628
----------------------------------------------
- Step 177 ------------------------------------
velocity variation: 0.001073
   1.078658491847719

p  :		[0.124635, 0.001104]
sat:		[0.972028, 0.000000]
-- PVI:		0.957001;
-- simtime:		74417.3;	-- dtime:	1841.62
** creating PressOut00038.vtk file
** creating C:\DFiles\MATLAB\MPFA\2phase_fracture_simulator\results\cross\sls\PressOut0178.vtp file
-- runtime: 335.033
----------------------------------------------
- Step 178 ------------------------------------
velocity variation: 0.00099056
   1.150000000000000

p  :		[0.125290, 0.001197]
sat:		[0.972987, 0.000000]
-- PVI:		0.984236;
-- simtime:		76535.2;	-- dtime:	2117.87
** creating PressOut00039.vtk file
** creating C:\DFiles\MATLAB\MPFA\2phase_fracture_simulator\results\cross\sls\PressOut0179.vtp file
-- runtime: 339.527
----------------------------------------------
- Step 179 ------------------------------------
velocity variation: 0.00064079
   1.150000000000000

p  :		[0.125533, 0.001140]
sat:		[0.974032, 0.000000]
-- PVI:		1.015557;
-- simtime:		78970.7;	-- dtime:	2435.54
** creating PressOut00040.vtk file
** creating C:\DFiles\MATLAB\MPFA\2phase_fracture_simulator\results\cross\sls\PressOut0180.vtp file
-- runtime: 344.106
----------------------------------------------
- Step 180 ------------------------------------
velocity variation: 0.0004229
   1.150000000000000

p  :		[0.124908, 0.001137]
sat:		[0.975151, 0.000000]
-- PVI:		1.051576;
-- simtime:		81771.6;	-- dtime:	2800.88
** creating PressOut00041.vtk file
** creating C:\DFiles\MATLAB\MPFA\2phase_fracture_simulator\results\cross\sls\PressOut0181.vtp file
-- runtime: 348.71
----------------------------------------------
- Step 181 ------------------------------------
velocity variation: 0.00058935
   1.150000000000000

p  :		[0.124104, 0.001146]
sat:		[0.976335, 0.000000]
-- PVI:		1.092998;
-- simtime:		84992.6;	-- dtime:	3221.01
** creating PressOut00042.vtk file
** creating C:\DFiles\MATLAB\MPFA\2phase_fracture_simulator\results\cross\sls\PressOut0182.vtp file
-- runtime: 353.383
----------------------------------------------
- Step 182 ------------------------------------
velocity variation: 0.00057854
   1.150000000000000

p  :		[0.123272, 0.001152]
sat:		[0.977574, 0.000000]
-- PVI:		1.140633;
-- simtime:		88696.8;	-- dtime:	3704.16
** creating PressOut00043.vtk file
** creating C:\DFiles\MATLAB\MPFA\2phase_fracture_simulator\results\cross\sls\PressOut0183.vtp file
-- runtime: 358.17
----------------------------------------------
